# JRE version: OpenJDK Runtime Environment (8.0_242-b01) (build 1.8.0_242-release-1644-b01)
# Java VM: OpenJDK 64-Bit Server VM (25.242-b01 mixed mode windows-amd64 compressed oops)
Heap:
 PSYoungGen      total 84480K, used 18128K [0x00000000e0000000, 0x00000000e7d00000, 0x0000000100000000)
  eden space 72704K, 15% used [0x00000000e0000000,0x00000000e0b3e5c0,0x00000000e4700000)
  from space 11776K, 56% used [0x00000000e5500000,0x00000000e5b75d40,0x00000000e6080000)
  to   space 14336K, 0% used [0x00000000e4700000,0x00000000e4700000,0x00000000e5500000)
 ParOldGen       total 59392K, used 31288K [0x00000000a0000000, 0x00000000a3a00000, 0x00000000e0000000)
  object space 59392K, 52% used [0x00000000a0000000,0x00000000a1e8e0d8,0x00000000a3a00000)
 Metaspace       used 56282K, capacity 58022K, committed 58072K, reserved 1099776K
  class space    used 7667K, capacity 8155K, committed 8192K, reserved 1048576K
GC Heap History (10 events):
Event: 5.017 GC heap before
{Heap before GC invocations=14 (full 2):
 PSYoungGen      total 70144K, used 59904K [0x00000000e0000000, 0x00000000e4f00000, 0x0000000100000000)
  eden space 59904K, 100% used [0x00000000e0000000,0x00000000e3a80000,0x00000000e3a80000)
  from space 10240K, 0% used [0x00000000e3a80000,0x00000000e3a80000,0x00000000e4480000)
  to   space 10752K, 0% used [0x00000000e4480000,0x00000000e4480000,0x00000000e4f00000)
 ParOldGen       total 59392K, used 17091K [0x00000000a0000000, 0x00000000a3a00000, 0x00000000e0000000)
  object space 59392K, 28% used [0x00000000a0000000,0x00000000a10b0db8,0x00000000a3a00000)
 Metaspace       used 42035K, capacity 43108K, committed 43352K, reserved 1087488K
  class space    used 5648K, capacity 5948K, committed 6016K, reserved 1048576K
Event: 5.025 GC heap after
Heap after GC invocations=14 (full 2):
 PSYoungGen      total 70144K, used 7775K [0x00000000e0000000, 0x00000000e5f80000, 0x0000000100000000)
  eden space 59392K, 0% used [0x00000000e0000000,0x00000000e0000000,0x00000000e3a00000)
  from space 10752K, 72% used [0x00000000e4480000,0x00000000e4c17d58,0x00000000e4f00000)
  to   space 10752K, 0% used [0x00000000e3a00000,0x00000000e3a00000,0x00000000e4480000)
 ParOldGen       total 59392K, used 17099K [0x00000000a0000000, 0x00000000a3a00000, 0x00000000e0000000)
  object space 59392K, 28% used [0x00000000a0000000,0x00000000a10b2db8,0x00000000a3a00000)
 Metaspace       used 42035K, capacity 43108K, committed 43352K, reserved 1087488K
  class space    used 5648K, capacity 5948K, committed 6016K, reserved 1048576K
}
Event: 5.539 GC heap before
{Heap before GC invocations=15 (full 2):
 PSYoungGen      total 70144K, used 67167K [0x00000000e0000000, 0x00000000e5f80000, 0x0000000100000000)
  eden space 59392K, 100% used [0x00000000e0000000,0x00000000e3a00000,0x00000000e3a00000)
  from space 10752K, 72% used [0x00000000e4480000,0x00000000e4c17d58,0x00000000e4f00000)
  to   space 10752K, 0% used [0x00000000e3a00000,0x00000000e3a00000,0x00000000e4480000)
 ParOldGen       total 59392K, used 17099K [0x00000000a0000000, 0x00000000a3a00000, 0x00000000e0000000)
  object space 59392K, 28% used [0x00000000a0000000,0x00000000a10b2db8,0x00000000a3a00000)
 Metaspace       used 45701K, capacity 46752K, committed 47192K, reserved 1089536K
  class space    used 6097K, capacity 6402K, committed 6528K, reserved 1048576K
Event: 5.546 GC heap after
Heap after GC invocations=15 (full 2):
 PSYoungGen      total 70144K, used 10317K [0x00000000e0000000, 0x00000000e6080000, 0x0000000100000000)
  eden space 59392K, 0% used [0x00000000e0000000,0x00000000e0000000,0x00000000e3a00000)
  from space 10752K, 95% used [0x00000000e3a00000,0x00000000e4413420,0x00000000e4480000)
  to   space 11776K, 0% used [0x00000000e5500000,0x00000000e5500000,0x00000000e6080000)
 ParOldGen       total 59392K, used 17107K [0x00000000a0000000, 0x00000000a3a00000, 0x00000000e0000000)
  object space 59392K, 28% used [0x00000000a0000000,0x00000000a10b4db8,0x00000000a3a00000)
 Metaspace       used 45701K, capacity 46752K, committed 47192K, reserved 1089536K
  class space    used 6097K, capacity 6402K, committed 6528K, reserved 1048576K
}
Event: 5.955 GC heap before
{Heap before GC invocations=16 (full 2):
 PSYoungGen      total 70144K, used 69709K [0x00000000e0000000, 0x00000000e6080000, 0x0000000100000000)
  eden space 59392K, 100% used [0x00000000e0000000,0x00000000e3a00000,0x00000000e3a00000)
  from space 10752K, 95% used [0x00000000e3a00000,0x00000000e4413420,0x00000000e4480000)
  to   space 11776K, 0% used [0x00000000e5500000,0x00000000e5500000,0x00000000e6080000)
 ParOldGen       total 59392K, used 17107K [0x00000000a0000000, 0x00000000a3a00000, 0x00000000e0000000)
  object space 59392K, 28% used [0x00000000a0000000,0x00000000a10b4db8,0x00000000a3a00000)
 Metaspace       used 46552K, capacity 47784K, committed 48088K, reserved 1091584K
  class space    used 6253K, capacity 6639K, committed 6656K, reserved 1048576K
Event: 5.983 GC heap after
Heap after GC invocations=16 (full 2):
 PSYoungGen      total 85504K, used 11526K [0x00000000e0000000, 0x00000000e6900000, 0x0000000100000000)
  eden space 73728K, 0% used [0x00000000e0000000,0x00000000e0000000,0x00000000e4800000)
  from space 11776K, 97% used [0x00000000e5500000,0x00000000e6041b58,0x00000000e6080000)
  to   space 13312K, 0% used [0x00000000e4800000,0x00000000e4800000,0x00000000e5500000)
 ParOldGen       total 59392K, used 17115K [0x00000000a0000000, 0x00000000a3a00000, 0x00000000e0000000)
  object space 59392K, 28% used [0x00000000a0000000,0x00000000a10b6db8,0x00000000a3a00000)
 Metaspace       used 46552K, capacity 47784K, committed 48088K, reserved 1091584K
  class space    used 6253K, capacity 6639K, committed 6656K, reserved 1048576K
}
Event: 6.982 GC heap before
{Heap before GC invocations=17 (full 2):
 PSYoungGen      total 85504K, used 85254K [0x00000000e0000000, 0x00000000e6900000, 0x0000000100000000)
  eden space 73728K, 100% used [0x00000000e0000000,0x00000000e4800000,0x00000000e4800000)
  from space 11776K, 97% used [0x00000000e5500000,0x00000000e6041b58,0x00000000e6080000)
  to   space 13312K, 0% used [0x00000000e4800000,0x00000000e4800000,0x00000000e5500000)
 ParOldGen       total 59392K, used 17115K [0x00000000a0000000, 0x00000000a3a00000, 0x00000000e0000000)
  object space 59392K, 28% used [0x00000000a0000000,0x00000000a10b6db8,0x00000000a3a00000)
 Metaspace       used 53161K, capacity 54766K, committed 55000K, reserved 1097728K
  class space    used 7228K, capacity 7660K, committed 7680K, reserved 1048576K
Event: 7.001 GC heap after
Heap after GC invocations=17 (full 2):
 PSYoungGen      total 87040K, used 13156K [0x00000000e0000000, 0x00000000e6900000, 0x0000000100000000)
  eden space 73728K, 0% used [0x00000000e0000000,0x00000000e0000000,0x00000000e4800000)
  from space 13312K, 98% used [0x00000000e4800000,0x00000000e54d92d0,0x00000000e5500000)
  to   space 11776K, 0% used [0x00000000e5500000,0x00000000e5500000,0x00000000e6080000)
 ParOldGen       total 59392K, used 23870K [0x00000000a0000000, 0x00000000a3a00000, 0x00000000e0000000)
  object space 59392K, 40% used [0x00000000a0000000,0x00000000a174f878,0x00000000a3a00000)
 Metaspace       used 53161K, capacity 54766K, committed 55000K, reserved 1097728K
  class space    used 7228K, capacity 7660K, committed 7680K, reserved 1048576K
}
Event: 7.472 GC heap before
{Heap before GC invocations=18 (full 2):
 PSYoungGen      total 87040K, used 86884K [0x00000000e0000000, 0x00000000e6900000, 0x0000000100000000)
  eden space 73728K, 100% used [0x00000000e0000000,0x00000000e4800000,0x00000000e4800000)
  from space 13312K, 98% used [0x00000000e4800000,0x00000000e54d92d0,0x00000000e5500000)
  to   space 11776K, 0% used [0x00000000e5500000,0x00000000e5500000,0x00000000e6080000)
 ParOldGen       total 59392K, used 23870K [0x00000000a0000000, 0x00000000a3a00000, 0x00000000e0000000)
  object space 59392K, 40% used [0x00000000a0000000,0x00000000a174f878,0x00000000a3a00000)
 Metaspace       used 56006K, capacity 57738K, committed 58072K, reserved 1099776K
  class space    used 7620K, capacity 8109K, committed 8192K, reserved 1048576K
Event: 7.483 GC heap after
Heap after GC invocations=18 (full 2):
 PSYoungGen      total 84480K, used 6615K [0x00000000e0000000, 0x00000000e7d00000, 0x0000000100000000)
  eden space 72704K, 0% used [0x00000000e0000000,0x00000000e0000000,0x00000000e4700000)
  from space 11776K, 56% used [0x00000000e5500000,0x00000000e5b75d40,0x00000000e6080000)
  to   space 14336K, 0% used [0x00000000e4700000,0x00000000e4700000,0x00000000e5500000)
 ParOldGen       total 59392K, used 31288K [0x00000000a0000000, 0x00000000a3a00000, 0x00000000e0000000)
  object space 59392K, 52% used [0x00000000a0000000,0x00000000a1e8e0d8,0x00000000a3a00000)
 Metaspace       used 56006K, capacity 57738K, committed 58072K, reserved 1099776K
  class space    used 7620K, capacity 8109K, committed 8192K, reserved 1048576K
}

